\BOOKMARK [0][-]{chapter.1}{Distinta base}{}% 1
\BOOKMARK [1][-]{section.1.1}{Tabella distinta base}{chapter.1}% 2
\BOOKMARK [2][-]{subsection.1.1.1}{Menu}{section.1.1}% 3
\BOOKMARK [1][-]{section.1.2}{Tabella catalogo}{chapter.1}% 4
\BOOKMARK [2][-]{subsection.1.2.1}{Menu}{section.1.2}% 5
\BOOKMARK [1][-]{section.1.3}{Descrizione tecnica}{chapter.1}% 6
\BOOKMARK [2][-]{subsection.1.3.1}{Form 1 \(interfaccia di lavoro\)}{section.1.3}% 7
\BOOKMARK [2][-]{subsection.1.3.2}{Form 2 \(creazione e modifica componente\)}{section.1.3}% 8
\BOOKMARK [2][-]{subsection.1.3.3}{Form 3 \(selezione componenti catalogo\)}{section.1.3}% 9
\BOOKMARK [2][-]{subsection.1.3.4}{Programmazione}{section.1.3}% 10
\BOOKMARK [2][-]{subsection.1.3.5}{Distinta base}{section.1.3}% 11
\BOOKMARK [2][-]{subsection.1.3.6}{Catalogo}{section.1.3}% 12
\BOOKMARK [2][-]{subsection.1.3.7}{Componente}{section.1.3}% 13
\BOOKMARK [0][-]{chapter.2}{Gestione Materiali}{}% 14
\BOOKMARK [1][-]{section.2.1}{Tabella produzione}{chapter.2}% 15
\BOOKMARK [2][-]{subsection.2.1.1}{Input: preparazione alla programmazione della produzione}{section.2.1}% 16
\BOOKMARK [2][-]{subsection.2.1.2}{Output: la programmazione della distinta base}{section.2.1}% 17
\BOOKMARK [1][-]{section.2.2}{Tabella distinta base}{chapter.2}% 18
\BOOKMARK [1][-]{section.2.3}{Descrizione tecnica}{chapter.2}% 19
\BOOKMARK [2][-]{subsection.2.3.1}{Form 1 \(interfaccia di lavoro\)}{section.2.3}% 20
\BOOKMARK [2][-]{subsection.2.3.2}{Produzione}{section.2.3}% 21
\BOOKMARK [2][-]{subsection.2.3.3}{Periodo}{section.2.3}% 22
\BOOKMARK [2][-]{subsection.2.3.4}{Distinta base}{section.2.3}% 23
\BOOKMARK [2][-]{subsection.2.3.5}{Componente}{section.2.3}% 24
